# JRE version: Java(TM) SE Runtime Environment (8.0_202-b08) (build 1.8.0_202-b08)
# Java VM: Java HotSpot(TM) 64-Bit Server VM (25.202-b08 mixed mode windows-amd64 compressed oops)
Heap:
 PSYoungGen      total 64000K, used 6707K [0x000000076b500000, 0x0000000770600000, 0x00000007c0000000)
  eden space 59392K, 3% used [0x000000076b500000,0x000000076b744838,0x000000076ef00000)
  from space 4608K, 95% used [0x000000076f000000,0x000000076f448490,0x000000076f480000)
  to   space 11776K, 0% used [0x000000076fa80000,0x000000076fa80000,0x0000000770600000)
 ParOldGen       total 78336K, used 14097K [0x00000006c1e00000, 0x00000006c6a80000, 0x000000076b500000)
  object space 78336K, 17% used [0x00000006c1e00000,0x00000006c2bc46b8,0x00000006c6a80000)
 Metaspace       used 37576K, capacity 39844K, committed 39976K, reserved 1083392K
  class space    used 5169K, capacity 5608K, committed 5672K, reserved 1048576K
GC Heap History (10 events):
Event: 20.612 GC heap before
{Heap before GC invocations=7 (full 1):
 PSYoungGen      total 70144K, used 70028K [0x000000076b500000, 0x0000000770680000, 0x00000007c0000000)
  eden space 64000K, 100% used [0x000000076b500000,0x000000076f380000,0x000000076f380000)
  from space 6144K, 98% used [0x000000076f500000,0x000000076fae3178,0x000000076fb00000)
  to   space 9728K, 0% used [0x000000076fd00000,0x000000076fd00000,0x0000000770680000)
 ParOldGen       total 73216K, used 7550K [0x00000006c1e00000, 0x00000006c6580000, 0x000000076b500000)
  object space 73216K, 10% used [0x00000006c1e00000,0x00000006c255fb88,0x00000006c6580000)
 Metaspace       used 28836K, capacity 30190K, committed 30464K, reserved 1075200K
  class space    used 3953K, capacity 4237K, committed 4352K, reserved 1048576K
Event: 20.619 GC heap after
Heap after GC invocations=7 (full 1):
 PSYoungGen      total 71680K, used 8396K [0x000000076b500000, 0x0000000770600000, 0x00000007c0000000)
  eden space 62464K, 0% used [0x000000076b500000,0x000000076b500000,0x000000076f200000)
  from space 9216K, 91% used [0x000000076fd00000,0x0000000770533108,0x0000000770600000)
  to   space 10240K, 0% used [0x000000076f200000,0x000000076f200000,0x000000076fc00000)
 ParOldGen       total 73216K, used 7558K [0x00000006c1e00000, 0x00000006c6580000, 0x000000076b500000)
  object space 73216K, 10% used [0x00000006c1e00000,0x00000006c2561b88,0x00000006c6580000)
 Metaspace       used 28836K, capacity 30190K, committed 30464K, reserved 1075200K
  class space    used 3953K, capacity 4237K, committed 4352K, reserved 1048576K
}
Event: 22.000 GC heap before
{Heap before GC invocations=8 (full 1):
 PSYoungGen      total 71680K, used 70860K [0x000000076b500000, 0x0000000770600000, 0x00000007c0000000)
  eden space 62464K, 100% used [0x000000076b500000,0x000000076f200000,0x000000076f200000)
  from space 9216K, 91% used [0x000000076fd00000,0x0000000770533108,0x0000000770600000)
  to   space 10240K, 0% used [0x000000076f200000,0x000000076f200000,0x000000076fc00000)
 ParOldGen       total 73216K, used 7558K [0x00000006c1e00000, 0x00000006c6580000, 0x000000076b500000)
  object space 73216K, 10% used [0x00000006c1e00000,0x00000006c2561b88,0x00000006c6580000)
 Metaspace       used 31900K, capacity 33636K, committed 33920K, reserved 1079296K
  class space    used 4393K, capacity 4736K, committed 4736K, reserved 1048576K
Event: 22.007 GC heap after
Heap after GC invocations=8 (full 1):
 PSYoungGen      total 71680K, used 10235K [0x000000076b500000, 0x0000000770700000, 0x00000007c0000000)
  eden space 61440K, 0% used [0x000000076b500000,0x000000076b500000,0x000000076f100000)
  from space 10240K, 99% used [0x000000076f200000,0x000000076fbfed18,0x000000076fc00000)
  to   space 11264K, 0% used [0x000000076fc00000,0x000000076fc00000,0x0000000770700000)
 ParOldGen       total 73216K, used 7579K [0x00000006c1e00000, 0x00000006c6580000, 0x000000076b500000)
  object space 73216K, 10% used [0x00000006c1e00000,0x00000006c2566fa0,0x00000006c6580000)
 Metaspace       used 31900K, capacity 33636K, committed 33920K, reserved 1079296K
  class space    used 4393K, capacity 4736K, committed 4736K, reserved 1048576K
}
Event: 27.730 GC heap before
{Heap before GC invocations=9 (full 1):
 PSYoungGen      total 71680K, used 46948K [0x000000076b500000, 0x0000000770700000, 0x00000007c0000000)
  eden space 61440K, 59% used [0x000000076b500000,0x000000076d8da5d0,0x000000076f100000)
  from space 10240K, 99% used [0x000000076f200000,0x000000076fbfed18,0x000000076fc00000)
  to   space 11264K, 0% used [0x000000076fc00000,0x000000076fc00000,0x0000000770700000)
 ParOldGen       total 73216K, used 7579K [0x00000006c1e00000, 0x00000006c6580000, 0x000000076b500000)
  object space 73216K, 10% used [0x00000006c1e00000,0x00000006c2566fa0,0x00000006c6580000)
 Metaspace       used 33532K, capacity 35488K, committed 35496K, reserved 1079296K
  class space    used 4651K, capacity 5025K, committed 5032K, reserved 1048576K
Event: 27.738 GC heap after
Heap after GC invocations=9 (full 1):
 PSYoungGen      total 71680K, used 9291K [0x000000076b500000, 0x0000000770700000, 0x00000007c0000000)
  eden space 60416K, 0% used [0x000000076b500000,0x000000076b500000,0x000000076f000000)
  from space 11264K, 82% used [0x000000076fc00000,0x0000000770512e68,0x0000000770700000)
  to   space 11776K, 0% used [0x000000076f000000,0x000000076f000000,0x000000076fb80000)
 ParOldGen       total 73216K, used 7587K [0x00000006c1e00000, 0x00000006c6580000, 0x000000076b500000)
  object space 73216K, 10% used [0x00000006c1e00000,0x00000006c2568fa0,0x00000006c6580000)
 Metaspace       used 33532K, capacity 35488K, committed 35496K, reserved 1079296K
  class space    used 4651K, capacity 5025K, committed 5032K, reserved 1048576K
}
Event: 27.738 GC heap before
{Heap before GC invocations=10 (full 2):
 PSYoungGen      total 71680K, used 9291K [0x000000076b500000, 0x0000000770700000, 0x00000007c0000000)
  eden space 60416K, 0% used [0x000000076b500000,0x000000076b500000,0x000000076f000000)
  from space 11264K, 82% used [0x000000076fc00000,0x0000000770512e68,0x0000000770700000)
  to   space 11776K, 0% used [0x000000076f000000,0x000000076f000000,0x000000076fb80000)
 ParOldGen       total 73216K, used 7587K [0x00000006c1e00000, 0x00000006c6580000, 0x000000076b500000)
  object space 73216K, 10% used [0x00000006c1e00000,0x00000006c2568fa0,0x00000006c6580000)
 Metaspace       used 33532K, capacity 35488K, committed 35496K, reserved 1079296K
  class space    used 4651K, capacity 5025K, committed 5032K, reserved 1048576K
Event: 27.832 GC heap after
Heap after GC invocations=10 (full 2):
 PSYoungGen      total 71680K, used 0K [0x000000076b500000, 0x0000000770700000, 0x00000007c0000000)
  eden space 60416K, 0% used [0x000000076b500000,0x000000076b500000,0x000000076f000000)
  from space 11264K, 0% used [0x000000076fc00000,0x000000076fc00000,0x0000000770700000)
  to   space 11776K, 0% used [0x000000076f000000,0x000000076f000000,0x000000076fb80000)
 ParOldGen       total 78336K, used 14089K [0x00000006c1e00000, 0x00000006c6a80000, 0x000000076b500000)
  object space 78336K, 17% used [0x00000006c1e00000,0x00000006c2bc26b8,0x00000006c6a80000)
 Metaspace       used 33527K, capacity 35474K, committed 35496K, reserved 1079296K
  class space    used 4649K, capacity 5022K, committed 5032K, reserved 1048576K
}
Event: 88.159 GC heap before
{Heap before GC invocations=11 (full 2):
 PSYoungGen      total 71680K, used 60416K [0x000000076b500000, 0x0000000770700000, 0x00000007c0000000)
  eden space 60416K, 100% used [0x000000076b500000,0x000000076f000000,0x000000076f000000)
  from space 11264K, 0% used [0x000000076fc00000,0x000000076fc00000,0x0000000770700000)
  to   space 11776K, 0% used [0x000000076f000000,0x000000076f000000,0x000000076fb80000)
 ParOldGen       total 78336K, used 14089K [0x00000006c1e00000, 0x00000006c6a80000, 0x000000076b500000)
  object space 78336K, 17% used [0x00000006c1e00000,0x00000006c2bc26b8,0x00000006c6a80000)
 Metaspace       used 37575K, capacity 39844K, committed 39976K, reserved 1083392K
  class space    used 5169K, capacity 5608K, committed 5672K, reserved 1048576K
Event: 88.163 GC heap after
Heap after GC invocations=11 (full 2):
 PSYoungGen      total 64000K, used 4385K [0x000000076b500000, 0x0000000770600000, 0x00000007c0000000)
  eden space 59392K, 0% used [0x000000076b500000,0x000000076b500000,0x000000076ef00000)
  from space 4608K, 95% used [0x000000076f000000,0x000000076f448490,0x000000076f480000)
  to   space 11776K, 0% used [0x000000076fa80000,0x000000076fa80000,0x0000000770600000)
 ParOldGen       total 78336K, used 14097K [0x00000006c1e00000, 0x00000006c6a80000, 0x000000076b500000)
  object space 78336K, 17% used [0x00000006c1e00000,0x00000006c2bc46b8,0x00000006c6a80000)
 Metaspace       used 37575K, capacity 39844K, committed 39976K, reserved 1083392K
  class space    used 5169K, capacity 5608K, committed 5672K, reserved 1048576K
}

