# JRE version: Java(TM) SE Runtime Environment (8.0_202-b08) (build 1.8.0_202-b08)
# Java VM: Java HotSpot(TM) 64-Bit Server VM (25.202-b08 mixed mode windows-amd64 compressed oops)
Heap:
 PSYoungGen      total 141824K, used 56708K [0x000000076b500000, 0x000000077a580000, 0x00000007c0000000)
  eden space 131072K, 35% used [0x000000076b500000,0x000000076e1e50f8,0x0000000773500000)
  from space 10752K, 99% used [0x0000000773500000,0x0000000773f7c188,0x0000000773f80000)
  to   space 11776K, 0% used [0x0000000779a00000,0x0000000779a00000,0x000000077a580000)
 ParOldGen       total 88576K, used 6555K [0x00000006c1e00000, 0x00000006c7480000, 0x000000076b500000)
  object space 88576K, 7% used [0x00000006c1e00000,0x00000006c2466f00,0x00000006c7480000)
 Metaspace       used 28116K, capacity 29808K, committed 29952K, reserved 1075200K
  class space    used 3780K, capacity 4096K, committed 4096K, reserved 1048576K
GC Heap History (10 events):
Event: 2.161 GC heap before
{Heap before GC invocations=2 (full 0):
 PSYoungGen      total 76288K, used 73355K [0x000000076b500000, 0x0000000770a00000, 0x00000007c0000000)
  eden space 65536K, 100% used [0x000000076b500000,0x000000076f500000,0x000000076f500000)
  from space 10752K, 72% used [0x000000076f500000,0x000000076fca2c70,0x000000076ff80000)
  to   space 10752K, 0% used [0x000000076ff80000,0x000000076ff80000,0x0000000770a00000)
 ParOldGen       total 175104K, used 24K [0x00000006c1e00000, 0x00000006cc900000, 0x000000076b500000)
  object space 175104K, 0% used [0x00000006c1e00000,0x00000006c1e06000,0x00000006cc900000)
 Metaspace       used 18431K, capacity 19730K, committed 19968K, reserved 1067008K
  class space    used 2437K, capacity 2695K, committed 2816K, reserved 1048576K
Event: 2.172 GC heap after
Heap after GC invocations=2 (full 0):
 PSYoungGen      total 76288K, used 8002K [0x000000076b500000, 0x0000000774a00000, 0x00000007c0000000)
  eden space 65536K, 0% used [0x000000076b500000,0x000000076b500000,0x000000076f500000)
  from space 10752K, 74% used [0x000000076ff80000,0x0000000770750b78,0x0000000770a00000)
  to   space 10752K, 0% used [0x000000076f500000,0x000000076f500000,0x000000076ff80000)
 ParOldGen       total 175104K, used 32K [0x00000006c1e00000, 0x00000006cc900000, 0x000000076b500000)
  object space 175104K, 0% used [0x00000006c1e00000,0x00000006c1e08000,0x00000006cc900000)
 Metaspace       used 18431K, capacity 19730K, committed 19968K, reserved 1067008K
  class space    used 2437K, capacity 2695K, committed 2816K, reserved 1048576K
}
Event: 2.316 GC heap before
{Heap before GC invocations=3 (full 0):
 PSYoungGen      total 76288K, used 34430K [0x000000076b500000, 0x0000000774a00000, 0x00000007c0000000)
  eden space 65536K, 40% used [0x000000076b500000,0x000000076ceced58,0x000000076f500000)
  from space 10752K, 74% used [0x000000076ff80000,0x0000000770750b78,0x0000000770a00000)
  to   space 10752K, 0% used [0x000000076f500000,0x000000076f500000,0x000000076ff80000)
 ParOldGen       total 175104K, used 32K [0x00000006c1e00000, 0x00000006cc900000, 0x000000076b500000)
  object space 175104K, 0% used [0x00000006c1e00000,0x00000006c1e08000,0x00000006cc900000)
 Metaspace       used 19801K, capacity 21176K, committed 21504K, reserved 1067008K
  class space    used 2701K, capacity 2984K, committed 3072K, reserved 1048576K
Event: 2.323 GC heap after
Heap after GC invocations=3 (full 0):
 PSYoungGen      total 76288K, used 6602K [0x000000076b500000, 0x0000000774a00000, 0x00000007c0000000)
  eden space 65536K, 0% used [0x000000076b500000,0x000000076b500000,0x000000076f500000)
  from space 10752K, 61% used [0x000000076f500000,0x000000076fb72b38,0x000000076ff80000)
  to   space 10752K, 0% used [0x0000000773f80000,0x0000000773f80000,0x0000000774a00000)
 ParOldGen       total 175104K, used 104K [0x00000006c1e00000, 0x00000006cc900000, 0x000000076b500000)
  object space 175104K, 0% used [0x00000006c1e00000,0x00000006c1e1a010,0x00000006cc900000)
 Metaspace       used 19801K, capacity 21176K, committed 21504K, reserved 1067008K
  class space    used 2701K, capacity 2984K, committed 3072K, reserved 1048576K
}
Event: 2.374 GC heap before
{Heap before GC invocations=4 (full 0):
 PSYoungGen      total 76288K, used 14646K [0x000000076b500000, 0x0000000774a00000, 0x00000007c0000000)
  eden space 65536K, 12% used [0x000000076b500000,0x000000076bcdaf28,0x000000076f500000)
  from space 10752K, 61% used [0x000000076f500000,0x000000076fb72b38,0x000000076ff80000)
  to   space 10752K, 0% used [0x0000000773f80000,0x0000000773f80000,0x0000000774a00000)
 ParOldGen       total 175104K, used 104K [0x00000006c1e00000, 0x00000006cc900000, 0x000000076b500000)
  object space 175104K, 0% used [0x00000006c1e00000,0x00000006c1e1a010,0x00000006cc900000)
 Metaspace       used 20147K, capacity 21472K, committed 21628K, reserved 1069056K
  class space    used 2752K, capacity 3028K, committed 3072K, reserved 1048576K
Event: 2.382 GC heap after
Heap after GC invocations=4 (full 0):
 PSYoungGen      total 141824K, used 5904K [0x000000076b500000, 0x0000000774a00000, 0x00000007c0000000)
  eden space 131072K, 0% used [0x000000076b500000,0x000000076b500000,0x0000000773500000)
  from space 10752K, 54% used [0x0000000773f80000,0x0000000774544308,0x0000000774a00000)
  to   space 10752K, 0% used [0x0000000773500000,0x0000000773500000,0x0000000773f80000)
 ParOldGen       total 175104K, used 112K [0x00000006c1e00000, 0x00000006cc900000, 0x000000076b500000)
  object space 175104K, 0% used [0x00000006c1e00000,0x00000006c1e1c010,0x00000006cc900000)
 Metaspace       used 20147K, capacity 21472K, committed 21628K, reserved 1069056K
  class space    used 2752K, capacity 3028K, committed 3072K, reserved 1048576K
}
Event: 2.382 GC heap before
{Heap before GC invocations=5 (full 1):
 PSYoungGen      total 141824K, used 5904K [0x000000076b500000, 0x0000000774a00000, 0x00000007c0000000)
  eden space 131072K, 0% used [0x000000076b500000,0x000000076b500000,0x0000000773500000)
  from space 10752K, 54% used [0x0000000773f80000,0x0000000774544308,0x0000000774a00000)
  to   space 10752K, 0% used [0x0000000773500000,0x0000000773500000,0x0000000773f80000)
 ParOldGen       total 175104K, used 112K [0x00000006c1e00000, 0x00000006cc900000, 0x000000076b500000)
  object space 175104K, 0% used [0x00000006c1e00000,0x00000006c1e1c010,0x00000006cc900000)
 Metaspace       used 20147K, capacity 21472K, committed 21628K, reserved 1069056K
  class space    used 2752K, capacity 3028K, committed 3072K, reserved 1048576K
Event: 2.423 GC heap after
Heap after GC invocations=5 (full 1):
 PSYoungGen      total 141824K, used 0K [0x000000076b500000, 0x0000000774a00000, 0x00000007c0000000)
  eden space 131072K, 0% used [0x000000076b500000,0x000000076b500000,0x0000000773500000)
  from space 10752K, 0% used [0x0000000773f80000,0x0000000773f80000,0x0000000774a00000)
  to   space 10752K, 0% used [0x0000000773500000,0x0000000773500000,0x0000000773f80000)
 ParOldGen       total 88576K, used 5784K [0x00000006c1e00000, 0x00000006c7480000, 0x000000076b500000)
  object space 88576K, 6% used [0x00000006c1e00000,0x00000006c23a6278,0x00000006c7480000)
 Metaspace       used 20147K, capacity 21472K, committed 21628K, reserved 1069056K
  class space    used 2752K, capacity 3028K, committed 3072K, reserved 1048576K
}
Event: 3.630 GC heap before
{Heap before GC invocations=6 (full 1):
 PSYoungGen      total 141824K, used 131072K [0x000000076b500000, 0x0000000774a00000, 0x00000007c0000000)
  eden space 131072K, 100% used [0x000000076b500000,0x0000000773500000,0x0000000773500000)
  from space 10752K, 0% used [0x0000000773f80000,0x0000000773f80000,0x0000000774a00000)
  to   space 10752K, 0% used [0x0000000773500000,0x0000000773500000,0x0000000773f80000)
 ParOldGen       total 88576K, used 5784K [0x00000006c1e00000, 0x00000006c7480000, 0x000000076b500000)
  object space 88576K, 6% used [0x00000006c1e00000,0x00000006c23a6278,0x00000006c7480000)
 Metaspace       used 27247K, capacity 28828K, committed 29056K, reserved 1075200K
  class space    used 3644K, capacity 3942K, committed 3968K, reserved 1048576K
Event: 3.642 GC heap after
Heap after GC invocations=6 (full 1):
 PSYoungGen      total 141824K, used 10736K [0x000000076b500000, 0x000000077a580000, 0x00000007c0000000)
  eden space 131072K, 0% used [0x000000076b500000,0x000000076b500000,0x0000000773500000)
  from space 10752K, 99% used [0x0000000773500000,0x0000000773f7c188,0x0000000773f80000)
  to   space 11776K, 0% used [0x0000000779a00000,0x0000000779a00000,0x000000077a580000)
 ParOldGen       total 88576K, used 6555K [0x00000006c1e00000, 0x00000006c7480000, 0x000000076b500000)
  object space 88576K, 7% used [0x00000006c1e00000,0x00000006c2466f00,0x00000006c7480000)
 Metaspace       used 27247K, capacity 28828K, committed 29056K, reserved 1075200K
  class space    used 3644K, capacity 3942K, committed 3968K, reserved 1048576K
}

