# JRE version: Java(TM) SE Runtime Environment (8.0_202-b08) (build 1.8.0_202-b08)
# Java VM: Java HotSpot(TM) 64-Bit Server VM (25.202-b08 mixed mode windows-amd64 compressed oops)
Heap:
 PSYoungGen      total 136192K, used 23461K [0x000000076b500000, 0x0000000775f00000, 0x00000007c0000000)
  eden space 126464K, 10% used [0x000000076b500000,0x000000076c26e1a0,0x0000000773080000)
  from space 9728K, 99% used [0x0000000775580000,0x0000000775efb418,0x0000000775f00000)
  to   space 10752K, 0% used [0x0000000773080000,0x0000000773080000,0x0000000773b00000)
 ParOldGen       total 101888K, used 17300K [0x00000006c1e00000, 0x00000006c8180000, 0x000000076b500000)
  object space 101888K, 16% used [0x00000006c1e00000,0x00000006c2ee52d8,0x00000006c8180000)
 Metaspace       used 41522K, capacity 44342K, committed 44544K, reserved 1087488K
  class space    used 5612K, capacity 6075K, committed 6144K, reserved 1048576K
GC Heap History (10 events):
Event: 4.006 GC heap before
{Heap before GC invocations=6 (full 1):
 PSYoungGen      total 108032K, used 108031K [0x000000076b500000, 0x0000000774580000, 0x00000007c0000000)
  eden space 101888K, 100% used [0x000000076b500000,0x0000000771880000,0x0000000771880000)
  from space 6144K, 99% used [0x0000000773f80000,0x000000077457ff88,0x0000000774580000)
  to   space 10752K, 0% used [0x0000000773080000,0x0000000773080000,0x0000000773b00000)
 ParOldGen       total 101888K, used 6446K [0x00000006c1e00000, 0x00000006c8180000, 0x000000076b500000)
  object space 101888K, 6% used [0x00000006c1e00000,0x00000006c244b870,0x00000006c8180000)
 Metaspace       used 27900K, capacity 29544K, committed 29696K, reserved 1075200K
  class space    used 3747K, capacity 4058K, committed 4096K, reserved 1048576K
Event: 4.018 GC heap after
Heap after GC invocations=6 (full 1):
 PSYoungGen      total 137216K, used 9075K [0x000000076b500000, 0x0000000775f00000, 0x00000007c0000000)
  eden space 126464K, 0% used [0x000000076b500000,0x000000076b500000,0x0000000773080000)
  from space 10752K, 84% used [0x0000000773080000,0x000000077395ce30,0x0000000773b00000)
  to   space 9728K, 0% used [0x0000000775580000,0x0000000775580000,0x0000000775f00000)
 ParOldGen       total 101888K, used 6454K [0x00000006c1e00000, 0x00000006c8180000, 0x000000076b500000)
  object space 101888K, 6% used [0x00000006c1e00000,0x00000006c244d870,0x00000006c8180000)
 Metaspace       used 27900K, capacity 29544K, committed 29696K, reserved 1075200K
  class space    used 3747K, capacity 4058K, committed 4096K, reserved 1048576K
}
Event: 5.213 GC heap before
{Heap before GC invocations=7 (full 1):
 PSYoungGen      total 137216K, used 134866K [0x000000076b500000, 0x0000000775f00000, 0x00000007c0000000)
  eden space 126464K, 99% used [0x000000076b500000,0x0000000772fd7cf8,0x0000000773080000)
  from space 10752K, 84% used [0x0000000773080000,0x000000077395ce30,0x0000000773b00000)
  to   space 9728K, 0% used [0x0000000775580000,0x0000000775580000,0x0000000775f00000)
 ParOldGen       total 101888K, used 6454K [0x00000006c1e00000, 0x00000006c8180000, 0x000000076b500000)
  object space 101888K, 6% used [0x00000006c1e00000,0x00000006c244d870,0x00000006c8180000)
 Metaspace       used 33418K, capacity 35360K, committed 35416K, reserved 1079296K
  class space    used 4494K, capacity 4858K, committed 4864K, reserved 1048576K
Event: 5.226 GC heap after
Heap after GC invocations=7 (full 1):
 PSYoungGen      total 136192K, used 9713K [0x000000076b500000, 0x0000000775f00000, 0x00000007c0000000)
  eden space 126464K, 0% used [0x000000076b500000,0x000000076b500000,0x0000000773080000)
  from space 9728K, 99% used [0x0000000775580000,0x0000000775efc6d0,0x0000000775f00000)
  to   space 10752K, 0% used [0x0000000773080000,0x0000000773080000,0x0000000773b00000)
 ParOldGen       total 101888K, used 8133K [0x00000006c1e00000, 0x00000006c8180000, 0x000000076b500000)
  object space 101888K, 7% used [0x00000006c1e00000,0x00000006c25f1520,0x00000006c8180000)
 Metaspace       used 33418K, capacity 35360K, committed 35416K, reserved 1079296K
  class space    used 4494K, capacity 4858K, committed 4864K, reserved 1048576K
}
Event: 5.226 GC heap before
{Heap before GC invocations=8 (full 2):
 PSYoungGen      total 136192K, used 9713K [0x000000076b500000, 0x0000000775f00000, 0x00000007c0000000)
  eden space 126464K, 0% used [0x000000076b500000,0x000000076b500000,0x0000000773080000)
  from space 9728K, 99% used [0x0000000775580000,0x0000000775efc6d0,0x0000000775f00000)
  to   space 10752K, 0% used [0x0000000773080000,0x0000000773080000,0x0000000773b00000)
 ParOldGen       total 101888K, used 8133K [0x00000006c1e00000, 0x00000006c8180000, 0x000000076b500000)
  object space 101888K, 7% used [0x00000006c1e00000,0x00000006c25f1520,0x00000006c8180000)
 Metaspace       used 33418K, capacity 35360K, committed 35416K, reserved 1079296K
  class space    used 4494K, capacity 4858K, committed 4864K, reserved 1048576K
Event: 5.315 GC heap after
Heap after GC invocations=8 (full 2):
 PSYoungGen      total 136192K, used 0K [0x000000076b500000, 0x0000000775f00000, 0x00000007c0000000)
  eden space 126464K, 0% used [0x000000076b500000,0x000000076b500000,0x0000000773080000)
  from space 9728K, 0% used [0x0000000775580000,0x0000000775580000,0x0000000775f00000)
  to   space 10752K, 0% used [0x0000000773080000,0x0000000773080000,0x0000000773b00000)
 ParOldGen       total 101888K, used 16090K [0x00000006c1e00000, 0x00000006c8180000, 0x000000076b500000)
  object space 101888K, 15% used [0x00000006c1e00000,0x00000006c2db6a48,0x00000006c8180000)
 Metaspace       used 33418K, capacity 35360K, committed 35416K, reserved 1079296K
  class space    used 4494K, capacity 4858K, committed 4864K, reserved 1048576K
}
Event: 8.866 GC heap before
{Heap before GC invocations=9 (full 2):
 PSYoungGen      total 136192K, used 126464K [0x000000076b500000, 0x0000000775f00000, 0x00000007c0000000)
  eden space 126464K, 100% used [0x000000076b500000,0x0000000773080000,0x0000000773080000)
  from space 9728K, 0% used [0x0000000775580000,0x0000000775580000,0x0000000775f00000)
  to   space 10752K, 0% used [0x0000000773080000,0x0000000773080000,0x0000000773b00000)
 ParOldGen       total 101888K, used 16090K [0x00000006c1e00000, 0x00000006c8180000, 0x000000076b500000)
  object space 101888K, 15% used [0x00000006c1e00000,0x00000006c2db6a48,0x00000006c8180000)
 Metaspace       used 38573K, capacity 40824K, committed 40960K, reserved 1085440K
  class space    used 5144K, capacity 5536K, committed 5632K, reserved 1048576K
Event: 8.875 GC heap after
Heap after GC invocations=9 (full 2):
 PSYoungGen      total 137216K, used 6856K [0x000000076b500000, 0x0000000775f00000, 0x00000007c0000000)
  eden space 126464K, 0% used [0x000000076b500000,0x000000076b500000,0x0000000773080000)
  from space 10752K, 63% used [0x0000000773080000,0x0000000773732280,0x0000000773b00000)
  to   space 9728K, 0% used [0x0000000775580000,0x0000000775580000,0x0000000775f00000)
 ParOldGen       total 101888K, used 16098K [0x00000006c1e00000, 0x00000006c8180000, 0x000000076b500000)
  object space 101888K, 15% used [0x00000006c1e00000,0x00000006c2db8a48,0x00000006c8180000)
 Metaspace       used 38573K, capacity 40824K, committed 40960K, reserved 1085440K
  class space    used 5144K, capacity 5536K, committed 5632K, reserved 1048576K
}
Event: 10.002 GC heap before
{Heap before GC invocations=10 (full 2):
 PSYoungGen      total 137216K, used 133320K [0x000000076b500000, 0x0000000775f00000, 0x00000007c0000000)
  eden space 126464K, 100% used [0x000000076b500000,0x0000000773080000,0x0000000773080000)
  from space 10752K, 63% used [0x0000000773080000,0x0000000773732280,0x0000000773b00000)
  to   space 9728K, 0% used [0x0000000775580000,0x0000000775580000,0x0000000775f00000)
 ParOldGen       total 101888K, used 16098K [0x00000006c1e00000, 0x00000006c8180000, 0x000000076b500000)
  object space 101888K, 15% used [0x00000006c1e00000,0x00000006c2db8a48,0x00000006c8180000)
 Metaspace       used 41371K, capacity 44158K, committed 44288K, reserved 1087488K
  class space    used 5586K, capacity 6053K, committed 6144K, reserved 1048576K
Event: 10.013 GC heap after
Heap after GC invocations=10 (full 2):
 PSYoungGen      total 136192K, used 9709K [0x000000076b500000, 0x0000000775f00000, 0x00000007c0000000)
  eden space 126464K, 0% used [0x000000076b500000,0x000000076b500000,0x0000000773080000)
  from space 9728K, 99% used [0x0000000775580000,0x0000000775efb418,0x0000000775f00000)
  to   space 10752K, 0% used [0x0000000773080000,0x0000000773080000,0x0000000773b00000)
 ParOldGen       total 101888K, used 17300K [0x00000006c1e00000, 0x00000006c8180000, 0x000000076b500000)
  object space 101888K, 16% used [0x00000006c1e00000,0x00000006c2ee52d8,0x00000006c8180000)
 Metaspace       used 41371K, capacity 44158K, committed 44288K, reserved 1087488K
  class space    used 5586K, capacity 6053K, committed 6144K, reserved 1048576K
}

