# JRE version: Java(TM) SE Runtime Environment (8.0_202-b08) (build 1.8.0_202-b08)
# Java VM: Java HotSpot(TM) 64-Bit Server VM (25.202-b08 mixed mode windows-amd64 compressed oops)
Heap:
 PSYoungGen      total 165888K, used 76239K [0x000000076b500000, 0x0000000778580000, 0x00000007c0000000)
  eden space 156160K, 48% used [0x000000076b500000,0x000000076ff73f50,0x0000000774d80000)
  from space 9728K, 0% used [0x0000000775900000,0x0000000775900000,0x0000000776280000)
  to   space 11776K, 0% used [0x0000000774d80000,0x0000000774d80000,0x0000000775900000)
 ParOldGen       total 100352K, used 16036K [0x00000006c1e00000, 0x00000006c8000000, 0x000000076b500000)
  object space 100352K, 15% used [0x00000006c1e00000,0x00000006c2da9020,0x00000006c8000000)
 Metaspace       used 37687K, capacity 39922K, committed 40064K, reserved 1083392K
  class space    used 5039K, capacity 5459K, committed 5504K, reserved 1048576K
GC Heap History (10 events):
Event: 2.362 GC heap before
{Heap before GC invocations=4 (full 1):
 PSYoungGen      total 76288K, used 6618K [0x000000076b500000, 0x0000000774a00000, 0x00000007c0000000)
  eden space 65536K, 0% used [0x000000076b500000,0x000000076b500000,0x000000076f500000)
  from space 10752K, 61% used [0x000000076f500000,0x000000076fb76b28,0x000000076ff80000)
  to   space 10752K, 0% used [0x0000000773f80000,0x0000000773f80000,0x0000000774a00000)
 ParOldGen       total 175104K, used 104K [0x00000006c1e00000, 0x00000006cc900000, 0x000000076b500000)
  object space 175104K, 0% used [0x00000006c1e00000,0x00000006c1e1a010,0x00000006cc900000)
 Metaspace       used 19800K, capacity 21100K, committed 21248K, reserved 1067008K
  class space    used 2710K, capacity 2984K, committed 3072K, reserved 1048576K
Event: 2.403 GC heap after
Heap after GC invocations=4 (full 1):
 PSYoungGen      total 76288K, used 0K [0x000000076b500000, 0x0000000774a00000, 0x00000007c0000000)
  eden space 65536K, 0% used [0x000000076b500000,0x000000076b500000,0x000000076f500000)
  from space 10752K, 0% used [0x000000076f500000,0x000000076f500000,0x000000076ff80000)
  to   space 10752K, 0% used [0x0000000773f80000,0x0000000773f80000,0x0000000774a00000)
 ParOldGen       total 100352K, used 6489K [0x00000006c1e00000, 0x00000006c8000000, 0x000000076b500000)
  object space 100352K, 6% used [0x00000006c1e00000,0x00000006c24566d8,0x00000006c8000000)
 Metaspace       used 19800K, capacity 21100K, committed 21248K, reserved 1067008K
  class space    used 2710K, capacity 2984K, committed 3072K, reserved 1048576K
}
Event: 2.857 GC heap before
{Heap before GC invocations=5 (full 1):
 PSYoungGen      total 76288K, used 65536K [0x000000076b500000, 0x0000000774a00000, 0x00000007c0000000)
  eden space 65536K, 100% used [0x000000076b500000,0x000000076f500000,0x000000076f500000)
  from space 10752K, 0% used [0x000000076f500000,0x000000076f500000,0x000000076ff80000)
  to   space 10752K, 0% used [0x0000000773f80000,0x0000000773f80000,0x0000000774a00000)
 ParOldGen       total 100352K, used 6489K [0x00000006c1e00000, 0x00000006c8000000, 0x000000076b500000)
  object space 100352K, 6% used [0x00000006c1e00000,0x00000006c24566d8,0x00000006c8000000)
 Metaspace       used 25056K, capacity 26592K, committed 26752K, reserved 1073152K
  class space    used 3357K, capacity 3660K, committed 3712K, reserved 1048576K
Event: 2.867 GC heap after
Heap after GC invocations=5 (full 1):
 PSYoungGen      total 109568K, used 6084K [0x000000076b500000, 0x0000000774580000, 0x00000007c0000000)
  eden space 103424K, 0% used [0x000000076b500000,0x000000076b500000,0x0000000771a00000)
  from space 6144K, 99% used [0x0000000773f80000,0x0000000774571108,0x0000000774580000)
  to   space 10752K, 0% used [0x0000000773080000,0x0000000773080000,0x0000000773b00000)
 ParOldGen       total 100352K, used 6497K [0x00000006c1e00000, 0x00000006c8000000, 0x000000076b500000)
  object space 100352K, 6% used [0x00000006c1e00000,0x00000006c24586d8,0x00000006c8000000)
 Metaspace       used 25056K, capacity 26592K, committed 26752K, reserved 1073152K
  class space    used 3357K, capacity 3660K, committed 3712K, reserved 1048576K
}
Event: 4.099 GC heap before
{Heap before GC invocations=6 (full 1):
 PSYoungGen      total 109568K, used 109508K [0x000000076b500000, 0x0000000774580000, 0x00000007c0000000)
  eden space 103424K, 100% used [0x000000076b500000,0x0000000771a00000,0x0000000771a00000)
  from space 6144K, 99% used [0x0000000773f80000,0x0000000774571108,0x0000000774580000)
  to   space 10752K, 0% used [0x0000000773080000,0x0000000773080000,0x0000000773b00000)
 ParOldGen       total 100352K, used 6497K [0x00000006c1e00000, 0x00000006c8000000, 0x000000076b500000)
  object space 100352K, 6% used [0x00000006c1e00000,0x00000006c24586d8,0x00000006c8000000)
 Metaspace       used 27936K, capacity 29574K, committed 29696K, reserved 1075200K
  class space    used 3754K, capacity 4087K, committed 4096K, reserved 1048576K
Event: 4.110 GC heap after
Heap after GC invocations=6 (full 1):
 PSYoungGen      total 137216K, used 9059K [0x000000076b500000, 0x0000000776280000, 0x00000007c0000000)
  eden space 126464K, 0% used [0x000000076b500000,0x000000076b500000,0x0000000773080000)
  from space 10752K, 84% used [0x0000000773080000,0x0000000773958f40,0x0000000773b00000)
  to   space 9728K, 0% used [0x0000000775900000,0x0000000775900000,0x0000000776280000)
 ParOldGen       total 100352K, used 6505K [0x00000006c1e00000, 0x00000006c8000000, 0x000000076b500000)
  object space 100352K, 6% used [0x00000006c1e00000,0x00000006c245a6d8,0x00000006c8000000)
 Metaspace       used 27936K, capacity 29574K, committed 29696K, reserved 1075200K
  class space    used 3754K, capacity 4087K, committed 4096K, reserved 1048576K
}
Event: 5.306 GC heap before
{Heap before GC invocations=7 (full 1):
 PSYoungGen      total 137216K, used 133968K [0x000000076b500000, 0x0000000776280000, 0x00000007c0000000)
  eden space 126464K, 98% used [0x000000076b500000,0x0000000772efb290,0x0000000773080000)
  from space 10752K, 84% used [0x0000000773080000,0x0000000773958f40,0x0000000773b00000)
  to   space 9728K, 0% used [0x0000000775900000,0x0000000775900000,0x0000000776280000)
 ParOldGen       total 100352K, used 6505K [0x00000006c1e00000, 0x00000006c8000000, 0x000000076b500000)
  object space 100352K, 6% used [0x00000006c1e00000,0x00000006c245a6d8,0x00000006c8000000)
 Metaspace       used 33455K, capacity 35362K, committed 35416K, reserved 1079296K
  class space    used 4499K, capacity 4855K, committed 4864K, reserved 1048576K
Event: 5.319 GC heap after
Heap after GC invocations=7 (full 1):
 PSYoungGen      total 165888K, used 9711K [0x000000076b500000, 0x0000000778580000, 0x00000007c0000000)
  eden space 156160K, 0% used [0x000000076b500000,0x000000076b500000,0x0000000774d80000)
  from space 9728K, 99% used [0x0000000775900000,0x000000077627be28,0x0000000776280000)
  to   space 11776K, 0% used [0x0000000774d80000,0x0000000774d80000,0x0000000775900000)
 ParOldGen       total 100352K, used 8098K [0x00000006c1e00000, 0x00000006c8000000, 0x000000076b500000)
  object space 100352K, 8% used [0x00000006c1e00000,0x00000006c25e8b58,0x00000006c8000000)
 Metaspace       used 33455K, capacity 35362K, committed 35416K, reserved 1079296K
  class space    used 4499K, capacity 4855K, committed 4864K, reserved 1048576K
}
Event: 5.320 GC heap before
{Heap before GC invocations=8 (full 2):
 PSYoungGen      total 165888K, used 9711K [0x000000076b500000, 0x0000000778580000, 0x00000007c0000000)
  eden space 156160K, 0% used [0x000000076b500000,0x000000076b500000,0x0000000774d80000)
  from space 9728K, 99% used [0x0000000775900000,0x000000077627be28,0x0000000776280000)
  to   space 11776K, 0% used [0x0000000774d80000,0x0000000774d80000,0x0000000775900000)
 ParOldGen       total 100352K, used 8098K [0x00000006c1e00000, 0x00000006c8000000, 0x000000076b500000)
  object space 100352K, 8% used [0x00000006c1e00000,0x00000006c25e8b58,0x00000006c8000000)
 Metaspace       used 33455K, capacity 35362K, committed 35416K, reserved 1079296K
  class space    used 4499K, capacity 4855K, committed 4864K, reserved 1048576K
Event: 5.422 GC heap after
Heap after GC invocations=8 (full 2):
 PSYoungGen      total 165888K, used 0K [0x000000076b500000, 0x0000000778580000, 0x00000007c0000000)
  eden space 156160K, 0% used [0x000000076b500000,0x000000076b500000,0x0000000774d80000)
  from space 9728K, 0% used [0x0000000775900000,0x0000000775900000,0x0000000776280000)
  to   space 11776K, 0% used [0x0000000774d80000,0x0000000774d80000,0x0000000775900000)
 ParOldGen       total 100352K, used 16036K [0x00000006c1e00000, 0x00000006c8000000, 0x000000076b500000)
  object space 100352K, 15% used [0x00000006c1e00000,0x00000006c2da9020,0x00000006c8000000)
 Metaspace       used 33455K, capacity 35362K, committed 35416K, reserved 1079296K
  class space    used 4499K, capacity 4855K, committed 4864K, reserved 1048576K
}

